make all --print-data-base --no-builtin-variables --no-builtin-rules --question
# GNU Make 4.3
# Built for x86_64-pc-linux-gnu
# Copyright (C) 1988-2020 Free Software Foundation, Inc.
# License GPLv3+: GNU GPL version 3 or later <http://gnu.org/licenses/gpl.html>
# This is free software: you are free to change and redistribute it.
# There is NO WARRANTY, to the extent permitted by law.

# Make data base, printed on Thu Jul 14 12:19:25 2022

# Variables

# environment
GDK_BACKEND = x11
# environment
LC_ALL = C
# environment
NO_AT_BRIDGE = 1
# environment
GTK_RC_FILES = /etc/gtk/gtkrc:/home/a/.gtkrc:/home/a/.config/gtkrc
# makefile (from 'Makefile', line 10)
UTILS := src/errors/errors.c src/common/utils/hex_utils/hex_utils.c src/common/cmd/argparse/argparse.c src/common/io/io.c src/ebd/disasm.c
# environment
VSCODE_IPC_HOOK_EXTHOST = /run/user/1000/vscode-ipc-012b7e26-a734-40ca-877e-b83a723b62b8.sock
# environment
LC_NAME = en_US.UTF-8
# environment
LC_NUMERIC = en_US.UTF-8
# environment
VSCODE_CWD = /home/a
# makefile (from 'Makefile', line 7)
LIBS := -lm
# environment
LC_ADDRESS = en_US.UTF-8
# default
MAKE_COMMAND := make
# automatic
@D = $(patsubst %/,%,$(dir $@))
# environment
GDK_DPI_SCALE = 1
# environment
VSCODE_HANDLES_UNCAUGHT_ERRORS = true
# default
.VARIABLES := 
# environment
PWD = /home/a/Documents/github/ebd
# automatic
%D = $(patsubst %/,%,$(dir $%))
# environment
MAIL = /var/spool/mail/a
# environment
XDG_DATA_DIRS = /home/a/.local/share/flatpak/exports/share:/var/lib/flatpak/exports/share:/usr/local/share:/usr/share:/var/lib/snapd/desktop
# environment
OLDPWD = /home/a
# automatic
^D = $(patsubst %/,%,$(dir $^))
# environment
VSCODE_LOG_STACK = false
# automatic
%F = $(notdir $%)
# environment
VSCODE_CODE_CACHE_PATH = /home/a/.config/Code/CachedData/c3511e6c69bb39013c4a4b7b9566ec1ca73fc4d5
# environment
XDG_SESSION_PATH = /org/freedesktop/DisplayManager/Session1
# environment
LANG = C
# environment
XAUTHORITY = /run/user/1000/xauth_ojHdpc
# default
.LOADED := 
# default
.INCLUDE_DIRS = /usr/include /usr/local/include /usr/include
# makefile
MAKEFLAGS = pqrR
# environment
PLASMA_USE_QT_SCALING = 1
# environment
DEVKITARM = /opt/devkitpro/devkitARM
# makefile
CURDIR := /home/a/Documents/github/ebd
# environment
VSCODE_PIPE_LOGGING = true
# environment
APPLICATION_INSIGHTS_NO_DIAGNOSTIC_CHANNEL = 1
# automatic
*D = $(patsubst %/,%,$(dir $*))
# environment
PAM_KWALLET5_LOGIN = /run/user/1000/kwallet5.socket
# environment
MFLAGS = -pqrR
# default
.SHELLFLAGS := -c
# environment
QT_LINUX_ACCESSIBILITY_ALWAYS_ON = 1
# environment
WAYLAND_DISPLAY = wayland-0
# environment
XDG_CONFIG_DIRS = /home/a/.config/kdedefaults:/etc/xdg
# automatic
+D = $(patsubst %/,%,$(dir $+))
# environment
XCURSOR_THEME = breeze_cursors
# environment
XDG_SESSION_DESKTOP = KDE
# makefile (from 'Makefile', line 1)
MAKEFILE_LIST := Makefile
# automatic
@F = $(notdir $@)
# environment
VSCODE_VERBOSE_LOGGING = true
# environment
VSCODE_PID = 1135
# environment
XDG_SESSION_TYPE = wayland
# automatic
?D = $(patsubst %/,%,$(dir $?))
# environment
DEVKITPPC = /opt/devkitpro/devkitPPC
# makefile (from 'Makefile', line 8)
FLAGS := -Oz
# environment
SESSION_MANAGER = local/a-81cu:@/tmp/.ICE-unix/796,unix/a-81cu:/tmp/.ICE-unix/796
# automatic
*F = $(notdir $*)
# environment
CHROME_DESKTOP = code-url-handler.desktop
# environment
DBUS_SESSION_BUS_ADDRESS = unix:path=/run/user/1000/bus
# automatic
<D = $(patsubst %/,%,$(dir $<))
# environment
VSCODE_NLS_CONFIG = {"locale":"en-us","availableLanguages":{},"_languagePackSupport":true}
# default
MAKE_HOST := x86_64-pc-linux-gnu
# makefile
SHELL = /bin/sh
# default
MAKECMDGOALS := all
# environment
SHLVL = 1
# environment
MAKELEVEL := 0
# default
MAKE = $(MAKE_COMMAND)
# environment
PATH = /home/a/.local/bin:/opt/devkitpro/tools/bin:/home/a/.ebcli-virtual-env/executables:/home/a/.cargo/bin:/usr/local/sbin:/usr/local/bin:/usr/bin:/var/lib/flatpak/exports/bin:/usr/bin/site_perl:/usr/bin/vendor_perl:/usr/bin/core_perl:/var/lib/snapd/snap/bin
# default
MAKEFILES := 
# environment
LC_MONETARY = en_US.UTF-8
# environment
MOTD_SHOWN = pam
# automatic
^F = $(notdir $^)
# environment
LC_TIME = en_US.UTF-8
# environment
VSCODE_LOG_NATIVE = false
# environment
LC_TELEPHONE = en_US.UTF-8
# environment
GDK_SCALE = 1
# automatic
?F = $(notdir $?)
# environment
KDE_APPLICATIONS_AS_SCOPE = 1
# environment
DEVKITPRO = /opt/devkitpro
# environment
XDG_SEAT = seat0
# environment
XDG_CURRENT_DESKTOP = KDE
# automatic
+F = $(notdir $+)
# environment
XDG_SEAT_PATH = /org/freedesktop/DisplayManager/Seat0
# environment
DESKTOP_SESSION = plasmawayland
# environment
ORIGINAL_XDG_CURRENT_DESKTOP = KDE
# 'override' directive
GNUMAKEFLAGS := 
# environment
LOGNAME = a
# environment
XDG_VTNR = 2
# makefile
.DEFAULT_GOAL := all
# environment
SYSTEMD_EXEC_PID = 663
# environment
DISPLAY = :1
# environment
USER = a
# default
MAKE_VERSION := 4.3
# environment
KDE_SESSION_UID = 1000
# makefile (from 'Makefile', line 12)
TESTS := tests/opcodes_t/opcodes_t.c tests/test_utils/assert.c
# environment
QT_WAYLAND_FORCE_DPI = 96
# environment
LC_MEASUREMENT = en_US.UTF-8
# environment
XKB_DEFAULT_LAYOUT = us
# environment
_ = /usr/bin/make
# environment
LC_PAPER = en_US.UTF-8
# environment
XDG_RUNTIME_DIR = /run/user/1000
# environment
XDG_SESSION_CLASS = user
# environment
VSCODE_AMD_ENTRYPOINT = vs/workbench/api/node/extensionHostProcess
# environment
GTK2_RC_FILES = /etc/gtk-2.0/gtkrc:/home/a/.gtkrc-2.0:/home/a/.config/gtkrc-2.0
# environment
HOME = /home/a
# environment
ELECTRON_RUN_AS_NODE = 1
# environment
VSCODE_IPC_HOOK = /run/user/1000/vscode-1bc9c623-1.67.2-main.sock
# environment
XDG_SESSION_ID = 2
# environment
XCURSOR_SIZE = 24
# default
.RECIPEPREFIX := 
# automatic
<F = $(notdir $<)
# default
SUFFIXES := 
# environment
QT_AUTO_SCREEN_SCALE_FACTOR = 0
# environment
VSCODE_CLI = 1
# environment
ELECTRON_NO_ATTACH_CONSOLE = 1
# environment
KDE_SESSION_VERSION = 5
# default
.FEATURES := target-specific order-only second-expansion else-if shortest-stem undefine oneshell nocomment grouped-target extra-prereqs archives jobserver output-sync check-symlink guile load
# makefile (from 'Makefile', line 6)
CC := clang
# environment
KDE_FULL_SESSION = true
# environment
LC_IDENTIFICATION = en_US.UTF-8
# variable set hash-table stats:
# Load=119/1024=12%, Rehash=0, Collisions=5/155=3%

# Pattern-specific Variable Values

# No pattern-specific variable values.

# Directories

# . (device 66306, inode 10363896): 9 files, no impossibilities.

# 9 files, no impossibilities in 1 directories.

# Implicit Rules

# No implicit rules.

# Files

# Not a target:
src/ebd/main.c:
#  Implicit rule search has been done.
#  Last modified 2022-07-14 12:19:24.84866163
#  File has been updated.
#  Successfully updated.

# Not a target:
Makefile:
#  Implicit rule search has been done.
#  Last modified 2022-07-14 03:03:18.774347288
#  File has been updated.
#  Successfully updated.

# Not a target:
tests/main_t.c:
#  Implicit rule search has not been done.
#  Modification time never checked.
#  File has not been updated.

tests: main_t
#  Implicit rule search has not been done.
#  Modification time never checked.
#  File has not been updated.

ebd: src/ebd/main.c
#  Implicit rule search has not been done.
#  Implicit/static pattern stem: ''
#  File does not exist.
#  File has been updated.
#  Needs to be updated (-q is set).
# automatic
# @ := ebd
# automatic
# * := 
# automatic
# < := src/ebd/main.c
# automatic
# + := src/ebd/main.c
# automatic
# % := 
# automatic
# ^ := src/ebd/main.c
# automatic
# ? := src/ebd/main.c
# automatic
# | := 
# variable set hash-table stats:
# Load=8/32=25%, Rehash=0, Collisions=9/14=64%
#  recipe to execute (from 'Makefile', line 28):
	$(CC) -o bin/ebd/ebd $(UTILS) src/ebd/main.c $(LIBS)

main_t: tests/main_t.c
#  Implicit rule search has not been done.
#  Modification time never checked.
#  File has not been updated.
#  recipe to execute (from 'Makefile', line 36):
	$(CC) $(UTILS) -o bin/tests/main_t $(VM) tests/main_t.c $(TESTS) -DTEST $(FLAGS) $(LIBS)

 
# Not a target:
.DEFAULT:
#  Implicit rule search has not been done.
#  Modification time never checked.
#  File has not been updated.

all: ebd
#  Command line target.
#  Implicit rule search has been done.
#  File does not exist.
#  File has been updated.
#  Needs to be updated (-q is set).
# variable set hash-table stats:
# Load=0/32=0%, Rehash=0, Collisions=0/6=0%

# Not a target:
.SUFFIXES:
#  Implicit rule search has not been done.
#  Modification time never checked.
#  File has not been updated.

# files hash-table stats:
# Load=9/1024=1%, Rehash=0, Collisions=0/27=0%
# VPATH Search Paths

# No 'vpath' search paths.

# No general ('VPATH' variable) search path.

# strcache buffers: 1 (0) / strings = 18 / storage = 147 B / avg = 8 B
# current buf: size = 8162 B / used = 147 B / count = 18 / avg = 8 B

# strcache performance: lookups = 31 / hit rate = 41%
# hash-table stats:
# Load=18/8192=0%, Rehash=0, Collisions=0/31=0%
# Finished Make data base on Thu Jul 14 12:19:25 2022

 
